2018-02-05T05:49:09.923Z - normal: Load ~/.CocosCreator/settings.json
2018-02-05T05:49:09.929Z - normal: checking language setting...
2018-02-05T05:49:09.930Z - normal: Language: zh
2018-02-05T05:49:11.937Z - success: protocol editor-framework registered
2018-02-05T05:49:11.938Z - success: protocol app registered
2018-02-05T05:49:11.938Z - success: protocol theme registered
2018-02-05T05:49:11.938Z - success: protocol profile registered
2018-02-05T05:49:11.938Z - success: protocol packages registered
2018-02-05T05:49:11.938Z - success: protocol unpack registerred
2018-02-05T05:49:11.938Z - success: protocol disable-commonjs registerred
2018-02-05T05:49:12.316Z - normal: connected!
2018-02-05T05:49:12.319Z - normal: Check project E:\project-git\ideal\client
2018-02-05T05:49:12.322Z - normal: Initializing Cocos2d
2018-02-05T05:49:12.697Z - normal: Initializing Asset Database
2018-02-05T05:49:12.745Z - success: protocol uuid registerred
2018-02-05T05:49:12.745Z - success: protocol db registerred
2018-02-05T05:49:12.745Z - success: protocol thumbnail registerred
2018-02-05T05:49:12.745Z - normal: Loading editor/builtin packages
2018-02-05T05:49:12.773Z - success: anysdk loaded
2018-02-05T05:49:12.950Z - success: assets loaded
2018-02-05T05:49:12.952Z - success: builder loaded
2018-02-05T05:49:12.956Z - success: hierarchy loaded
2018-02-05T05:49:12.960Z - success: inspector loaded
2018-02-05T05:49:12.961Z - success: keystore loaded
2018-02-05T05:49:12.964Z - success: node-library loaded
2018-02-05T05:49:12.966Z - success: package-asset loaded
2018-02-05T05:49:12.969Z - success: preferences loaded
2018-02-05T05:49:12.971Z - success: project-exporter loaded
2018-02-05T05:49:12.993Z - success: project-importer loaded
2018-02-05T05:49:12.996Z - success: project-settings loaded
2018-02-05T05:49:12.999Z - success: ui-kit loaded
2018-02-05T05:49:13.001Z - success: ui-grid loaded
2018-02-05T05:49:13.005Z - success: scene loaded
2018-02-05T05:49:13.006Z - success: sprite-editor loaded
2018-02-05T05:49:13.014Z - success: store loaded
2018-02-05T05:49:13.020Z - success: timeline loaded
2018-02-05T05:49:13.020Z - normal: Loading builtin packages
2018-02-05T05:49:13.024Z - success: asset-db-debugger loaded
2018-02-05T05:49:13.024Z - success: color-picker loaded
2018-02-05T05:49:13.028Z - success: console loaded
2018-02-05T05:49:13.031Z - success: package-manager loaded
2018-02-05T05:49:13.036Z - success: sdkbox loaded
2018-02-05T05:49:13.040Z - success: tester loaded
2018-02-05T05:49:13.044Z - success: ui-kit-preview-extra loaded
2018-02-05T05:49:13.046Z - success: ui-kit-preview loaded
2018-02-05T05:49:13.048Z - success: ui-tree loaded
2018-02-05T05:49:14.349Z - normal: Initializing project E:\project-git\ideal\client
2018-02-05T05:49:14.360Z - normal: Loading packages
2018-02-05T05:49:14.367Z - normal: Watching packages
2018-02-05T05:49:14.384Z - normal: Run Application
2018-02-05T05:49:14.607Z - warn: [db-task][init] Backup unused meta file: db://assets/resources.meta
2018-02-05T05:49:16.917Z - success: preview server running at http://localhost:7456
2018-02-05T05:49:23.421Z - normal: 1.6.2
2018-02-05T06:04:34.589Z - warn: [db-task][sync-changes] Backup unused meta file: db://assets/res.meta
2018-02-05T08:10:56.896Z - info: shutdown preview server
